<?xml version="1.0" encoding="UTF-8"?>
<testng-results skipped="0" failed="0" ignored="0" total="2" passed="2">
  <reporter-output>
  </reporter-output>
  <suite name="All Suite" duration-ms="28423" started-at="2023-02-01T05:14:10Z" finished-at="2023-02-01T05:14:39Z">
    <groups>
    </groups>
    <test name="Google Test" duration-ms="17041" started-at="2023-02-01T05:14:10Z" finished-at="2023-02-01T05:14:27Z">
      <class name="a1_googleTest.A1_GoogleTest">
        <test-method status="PASS" signature="verifyGooglepage()[pri:0, instance:a1_googleTest.A1_GoogleTest@62043840]" name="verifyGooglepage" duration-ms="16964" started-at="2023-02-01T10:44:10Z" finished-at="2023-02-01T10:44:27Z">
          <reporter-output>
          </reporter-output>
        </test-method> <!-- verifyGooglepage -->
      </class> <!-- a1_googleTest.A1_GoogleTest -->
    </test> <!-- Google Test -->
    <test name="Bing Test" duration-ms="11357" started-at="2023-02-01T05:14:27Z" finished-at="2023-02-01T05:14:39Z">
      <class name="a2_bingTest.A1_BingTest">
        <test-method status="PASS" signature="verifyGooglePage()[pri:0, instance:a2_bingTest.A1_BingTest@52af6cff]" name="verifyGooglePage" duration-ms="11355" started-at="2023-02-01T10:44:27Z" finished-at="2023-02-01T10:44:39Z">
          <reporter-output>
          </reporter-output>
        </test-method> <!-- verifyGooglePage -->
      </class> <!-- a2_bingTest.A1_BingTest -->
    </test> <!-- Bing Test -->
  </suite> <!-- All Suite -->
</testng-results>
