<?xml version="1.0" encoding="UTF-8"?>
<testng-results skipped="0" failed="0" ignored="0" total="2" passed="2">
  <reporter-output>
  </reporter-output>
  <suite name="All Suite" duration-ms="23455" started-at="2023-01-18T16:45:53Z" finished-at="2023-01-18T16:46:16Z">
    <groups>
    </groups>
    <test name="Google Test" duration-ms="14475" started-at="2023-01-18T16:45:53Z" finished-at="2023-01-18T16:46:07Z">
      <class name="a1_googleTest.A1_GoogleTest">
        <test-method status="PASS" signature="verifyGooglepage()[pri:0, instance:a1_googleTest.A1_GoogleTest@1e127982]" name="verifyGooglepage" duration-ms="14427" started-at="2023-01-18T22:15:53Z" finished-at="2023-01-18T22:16:07Z">
          <reporter-output>
          </reporter-output>
        </test-method> <!-- verifyGooglepage -->
      </class> <!-- a1_googleTest.A1_GoogleTest -->
    </test> <!-- Google Test -->
    <test name="Bing Test" duration-ms="8944" started-at="2023-01-18T16:46:07Z" finished-at="2023-01-18T16:46:16Z">
      <class name="a2_bingTest.A1_BingTest">
        <test-method status="PASS" signature="verifyGooglePage()[pri:0, instance:a2_bingTest.A1_BingTest@210366b4]" name="verifyGooglePage" duration-ms="8938" started-at="2023-01-18T22:16:07Z" finished-at="2023-01-18T22:16:16Z">
          <reporter-output>
          </reporter-output>
        </test-method> <!-- verifyGooglePage -->
      </class> <!-- a2_bingTest.A1_BingTest -->
    </test> <!-- Bing Test -->
  </suite> <!-- All Suite -->
</testng-results>
